<?xml version="1.0"?>
<testsuites tests="2851" failures="8" disabled="0" time="112.6964298">
  
    
    
    
      
      
        
        
          
          
            
          
        
      
    
    
      
      
      
        
        
        
          
          
          
            
            
            
              
              <testsuite tests="60" time="1.269307" errors="0" failures="0" skipped="0" timestamp="2019-11-12 05:38:54Z" name="UnityTestFramework.Newtonsoft.Json.Tests.dll.Newtonsoft.Json.Tests.Bson.BsonReaderTests."><testcase name="Bson_SupportMultipleContent" assertions="0" time="0.268838" status="Passed" classname="Newtonsoft.Json.Tests.Bson.BsonReaderTests">
                  
                </testcase><testcase name="CanRoundTripStackOverflowData" assertions="0" time="0.006826" status="Passed" classname="Newtonsoft.Json.Tests.Bson.BsonReaderTests">
                  
                </testcase><testcase name="CloseInput" assertions="0" time="0.001218" status="Passed" classname="Newtonsoft.Json.Tests.Bson.BsonReaderTests">
                  
                </testcase><testcase name="DateTimeKindHandling" assertions="0" time="0.003236" status="Passed" classname="Newtonsoft.Json.Tests.Bson.BsonReaderTests">
                  
                </testcase><testcase name="DeserializeBsonDocumentWithGuid" assertions="0" time="0.010867" status="Passed" classname="Newtonsoft.Json.Tests.Bson.BsonReaderTests">
                  
                </testcase><testcase name="DeserializeBsonDocumentWithString" assertions="0" time="0.001517" status="Passed" classname="Newtonsoft.Json.Tests.Bson.BsonReaderTests">
                  
                </testcase><testcase name="DeserializeByteArrayWithTypeNameHandling" assertions="0" time="0.017519" status="Passed" classname="Newtonsoft.Json.Tests.Bson.BsonReaderTests">
                  
                </testcase><testcase name="DeserializeLargeBsonObject" assertions="0" time="0.562971" status="Passed" classname="Newtonsoft.Json.Tests.Bson.BsonReaderTests">
                  
                </testcase><testcase name="DeserializeRegexBson" assertions="0" time="0.012491" status="Passed" classname="Newtonsoft.Json.Tests.Bson.BsonReaderTests">
                  
                </testcase><testcase name="DeserializeRegexNonConverterBson" assertions="0" time="0.003871" status="Passed" classname="Newtonsoft.Json.Tests.Bson.BsonReaderTests">
                  
                </testcase><testcase name="GuidsShouldBeProperlyDeserialised" assertions="0" time="0.004024" status="Passed" classname="Newtonsoft.Json.Tests.Bson.BsonReaderTests">
                  
                </testcase><testcase name="GuidsShouldBeProperlyDeserialised_AsBytes" assertions="0" time="0.004904" status="Passed" classname="Newtonsoft.Json.Tests.Bson.BsonReaderTests">
                  
                </testcase><testcase name="GuidsShouldBeProperlyDeserialised_AsBytes_ReadAhead" assertions="0" time="0.008017" status="Passed" classname="Newtonsoft.Json.Tests.Bson.BsonReaderTests">
                  
                </testcase><testcase name="LocalDateTimeKindHandling" assertions="0" time="0.001139" status="Passed" classname="Newtonsoft.Json.Tests.Bson.BsonReaderTests">
                  
                </testcase><testcase name="MultibyteCharacterPropertyNamesAndStrings" assertions="0" time="0.001040" status="Passed" classname="Newtonsoft.Json.Tests.Bson.BsonReaderTests">
                  
                </testcase><testcase name="OidAndBytesAreEqual" assertions="0" time="0.005930" status="Passed" classname="Newtonsoft.Json.Tests.Bson.BsonReaderTests">
                  
                </testcase><testcase name="ReadArrayBsonFromSite" assertions="0" time="0.001872" status="Passed" classname="Newtonsoft.Json.Tests.Bson.BsonReaderTests">
                  
                </testcase><testcase name="ReadAsInt32BadString" assertions="0" time="0.009029" status="Passed" classname="Newtonsoft.Json.Tests.Bson.BsonReaderTests">
                  
                </testcase><testcase name="ReadBytes" assertions="0" time="0.006367" status="Passed" classname="Newtonsoft.Json.Tests.Bson.BsonReaderTests">
                  
                </testcase><testcase name="ReadCode" assertions="0" time="0.001008" status="Passed" classname="Newtonsoft.Json.Tests.Bson.BsonReaderTests">
                  
                </testcase><testcase name="ReadCodeWScope" assertions="0" time="0.001965" status="Passed" classname="Newtonsoft.Json.Tests.Bson.BsonReaderTests">
                  
                </testcase><testcase name="ReadDouble" assertions="0" time="0.001693" status="Passed" classname="Newtonsoft.Json.Tests.Bson.BsonReaderTests">
                  
                </testcase><testcase name="ReadDouble_Decimal" assertions="0" time="0.003193" status="Passed" classname="Newtonsoft.Json.Tests.Bson.BsonReaderTests">
                  
                </testcase><testcase name="ReadEmptyStrings" assertions="0" time="0.000832" status="Passed" classname="Newtonsoft.Json.Tests.Bson.BsonReaderTests">
                  
                </testcase><testcase name="ReadEndOfStream" assertions="0" time="0.001081" status="Passed" classname="Newtonsoft.Json.Tests.Bson.BsonReaderTests">
                  
                </testcase><testcase name="ReadGuid_Bytes" assertions="0" time="0.020399" status="Passed" classname="Newtonsoft.Json.Tests.Bson.BsonReaderTests">
                  
                </testcase><testcase name="ReadGuid_Text" assertions="0" time="0.002997" status="Passed" classname="Newtonsoft.Json.Tests.Bson.BsonReaderTests">
                  
                </testcase><testcase name="ReadLargeStrings" assertions="0" time="0.001531" status="Passed" classname="Newtonsoft.Json.Tests.Bson.BsonReaderTests">
                  
                </testcase><testcase name="ReadLong" assertions="0" time="0.001368" status="Passed" classname="Newtonsoft.Json.Tests.Bson.BsonReaderTests">
                  
                </testcase><testcase name="ReadNestedArray" assertions="0" time="0.001831" status="Passed" classname="Newtonsoft.Json.Tests.Bson.BsonReaderTests">
                  
                </testcase><testcase name="ReadNestedArrayIntoLinq" assertions="0" time="0.003397" status="Passed" classname="Newtonsoft.Json.Tests.Bson.BsonReaderTests">
                  
                </testcase><testcase name="ReadObjectBsonFromSite" assertions="0" time="0.001280" status="Passed" classname="Newtonsoft.Json.Tests.Bson.BsonReaderTests">
                  
                </testcase><testcase name="ReadOid" assertions="0" time="0.001088" status="Passed" classname="Newtonsoft.Json.Tests.Bson.BsonReaderTests">
                  
                </testcase><testcase name="ReadReference" assertions="0" time="0.001634" status="Passed" classname="Newtonsoft.Json.Tests.Bson.BsonReaderTests">
                  
                </testcase><testcase name="ReadRegex" assertions="0" time="0.000939" status="Passed" classname="Newtonsoft.Json.Tests.Bson.BsonReaderTests">
                  
                </testcase><testcase name="ReadRegexWithOptions" assertions="0" time="0.001095" status="Passed" classname="Newtonsoft.Json.Tests.Bson.BsonReaderTests">
                  
                </testcase><testcase name="ReadSingleObject" assertions="0" time="0.000976" status="Passed" classname="Newtonsoft.Json.Tests.Bson.BsonReaderTests">
                  
                </testcase><testcase name="ReadUndefined" assertions="0" time="0.000725" status="Passed" classname="Newtonsoft.Json.Tests.Bson.BsonReaderTests">
                  
                </testcase><testcase name="ReadValues" assertions="0" time="0.002343" status="Passed" classname="Newtonsoft.Json.Tests.Bson.BsonReaderTests">
                  
                </testcase><testcase name="TestReadLenStringValueShortTripleByte" assertions="0" time="0.001070" status="Passed" classname="Newtonsoft.Json.Tests.Bson.BsonReaderTests">
                  
                </testcase><testcase name="TestReadLenStringValueTripleByteCharBufferBoundry0" assertions="0" time="0.000764" status="Passed" classname="Newtonsoft.Json.Tests.Bson.BsonReaderTests">
                  
                </testcase><testcase name="TestReadLenStringValueTripleByteCharBufferBoundry1" assertions="0" time="0.000627" status="Passed" classname="Newtonsoft.Json.Tests.Bson.BsonReaderTests">
                  
                </testcase><testcase name="TestReadLenStringValueTripleByteCharBufferBoundry2" assertions="0" time="0.000566" status="Passed" classname="Newtonsoft.Json.Tests.Bson.BsonReaderTests">
                  
                </testcase><testcase name="TestReadLenStringValueTripleByteCharOne" assertions="0" time="0.000475" status="Passed" classname="Newtonsoft.Json.Tests.Bson.BsonReaderTests">
                  
                </testcase><testcase name="TestReadStringPropertyName" assertions="0" time="0.000778" status="Passed" classname="Newtonsoft.Json.Tests.Bson.BsonReaderTests">
                  
                </testcase><testcase name="TestReadStringPropertyNameLong" assertions="0" time="0.000561" status="Passed" classname="Newtonsoft.Json.Tests.Bson.BsonReaderTests">
                  
                </testcase><testcase name="TestReadStringPropertyNameShortTripleByte" assertions="0" time="0.000633" status="Passed" classname="Newtonsoft.Json.Tests.Bson.BsonReaderTests">
                  
                </testcase><testcase name="TestReadStringPropertyNameTripleByteCharBufferBoundry0" assertions="0" time="0.000574" status="Passed" classname="Newtonsoft.Json.Tests.Bson.BsonReaderTests">
                  
                </testcase><testcase name="TestReadStringPropertyNameTripleByteCharBufferBoundry1" assertions="0" time="0.000596" status="Passed" classname="Newtonsoft.Json.Tests.Bson.BsonReaderTests">
                  
                </testcase><testcase name="TestReadStringPropertyNameTripleByteCharBufferBoundry2" assertions="0" time="0.000596" status="Passed" classname="Newtonsoft.Json.Tests.Bson.BsonReaderTests">
                  
                </testcase><testcase name="TestReadStringPropertyNameTripleByteCharOne" assertions="0" time="0.000577" status="Passed" classname="Newtonsoft.Json.Tests.Bson.BsonReaderTests">
                  
                </testcase><testcase name="TestReadStringValue" assertions="0" time="0.000554" status="Passed" classname="Newtonsoft.Json.Tests.Bson.BsonReaderTests">
                  
                </testcase><testcase name="TestReadStringValueLong" assertions="0" time="0.000545" status="Passed" classname="Newtonsoft.Json.Tests.Bson.BsonReaderTests">
                  
                </testcase><testcase name="TypeNameHandlingAuto" assertions="0" time="0.024885" status="Passed" classname="Newtonsoft.Json.Tests.Bson.BsonReaderTests">
                  
                </testcase><testcase name="UnspecifiedDateTimeKindHandling" assertions="0" time="0.001275" status="Passed" classname="Newtonsoft.Json.Tests.Bson.BsonReaderTests">
                  
                </testcase><testcase name="UriGuidTimeSpanTestClassEmptyTest" assertions="0" time="0.020135" status="Passed" classname="Newtonsoft.Json.Tests.Bson.BsonReaderTests">
                  
                </testcase><testcase name="UriGuidTimeSpanTestClassValuesTest" assertions="0" time="0.018599" status="Passed" classname="Newtonsoft.Json.Tests.Bson.BsonReaderTests">
                  
                </testcase><testcase name="Utf8Text" assertions="0" time="0.024002" status="Passed" classname="Newtonsoft.Json.Tests.Bson.BsonReaderTests">
                  
                </testcase><testcase name="WriteAndReadEmptyListsAndDictionaries" assertions="0" time="0.001454" status="Passed" classname="Newtonsoft.Json.Tests.Bson.BsonReaderTests">
                  
                </testcase><testcase name="WriteBigInteger" assertions="0" time="0.014489" status="Passed" classname="Newtonsoft.Json.Tests.Bson.BsonReaderTests">
                  
                </testcase></testsuite>
              <testsuite tests="36" time="0.250854" errors="0" failures="0" skipped="0" timestamp="2019-11-12 05:38:55Z" name="UnityTestFramework.Newtonsoft.Json.Tests.dll.Newtonsoft.Json.Tests.Bson.BsonWriterTests."><testcase name="AutoCompleteOnClose_False" assertions="0" time="0.000893" status="Passed" classname="Newtonsoft.Json.Tests.Bson.BsonWriterTests">
                  
                </testcase><testcase name="CloseOutput" assertions="0" time="0.000617" status="Passed" classname="Newtonsoft.Json.Tests.Bson.BsonWriterTests">
                  
                </testcase><testcase name="DateTimeZoneHandling" assertions="0" time="0.001114" status="Passed" classname="Newtonsoft.Json.Tests.Bson.BsonWriterTests">
                  
                </testcase><testcase name="Example" assertions="0" time="0.038414" status="Passed" classname="Newtonsoft.Json.Tests.Bson.BsonWriterTests">
                  
                </testcase><testcase name="SerializeByteArray_ErrorWhenTopLevel" assertions="0" time="0.003766" status="Passed" classname="Newtonsoft.Json.Tests.Bson.BsonWriterTests">
                  
                </testcase><testcase name="SerializeDeserializeRegex" assertions="0" time="0.011429" status="Passed" classname="Newtonsoft.Json.Tests.Bson.BsonWriterTests">
                  
                </testcase><testcase name="SerializeEmptyAndNullStrings" assertions="0" time="0.002012" status="Passed" classname="Newtonsoft.Json.Tests.Bson.BsonWriterTests">
                  
                </testcase><testcase name="SerializeGoogleGeoCode" assertions="0" time="0.041982" status="Passed" classname="Newtonsoft.Json.Tests.Bson.BsonWriterTests">
                  
                </testcase><testcase name="WriteArrayBsonFromSite" assertions="0" time="0.000859" status="Passed" classname="Newtonsoft.Json.Tests.Bson.BsonWriterTests">
                  
                </testcase><testcase name="WriteBigInteger" assertions="0" time="0.003931" status="Passed" classname="Newtonsoft.Json.Tests.Bson.BsonWriterTests">
                  
                </testcase><testcase name="WriteByteArray" assertions="0" time="0.001293" status="Passed" classname="Newtonsoft.Json.Tests.Bson.BsonWriterTests">
                  
                </testcase><testcase name="WriteBytes" assertions="0" time="0.000961" status="Passed" classname="Newtonsoft.Json.Tests.Bson.BsonWriterTests">
                  
                </testcase><testcase name="WriteComment" assertions="0" time="0.001012" status="Passed" classname="Newtonsoft.Json.Tests.Bson.BsonWriterTests">
                  
                </testcase><testcase name="WriteConstructor" assertions="0" time="0.000791" status="Passed" classname="Newtonsoft.Json.Tests.Bson.BsonWriterTests">
                  
                </testcase><testcase name="WriteDateTimes" assertions="0" time="0.001358" status="Passed" classname="Newtonsoft.Json.Tests.Bson.BsonWriterTests">
                  
                </testcase><testcase name="WriteDouble" assertions="0" time="0.000661" status="Passed" classname="Newtonsoft.Json.Tests.Bson.BsonWriterTests">
                  
                </testcase><testcase name="WriteEmptyStrings" assertions="0" time="0.000635" status="Passed" classname="Newtonsoft.Json.Tests.Bson.BsonWriterTests">
                  
                </testcase><testcase name="WriteEndOnProperty" assertions="0" time="0.000514" status="Passed" classname="Newtonsoft.Json.Tests.Bson.BsonWriterTests">
                  
                </testcase><testcase name="WriteEndOnProperty_Close" assertions="0" time="0.000509" status="Passed" classname="Newtonsoft.Json.Tests.Bson.BsonWriterTests">
                  
                </testcase><testcase name="WriteEndOnProperty_Dispose" assertions="0" time="0.000725" status="Passed" classname="Newtonsoft.Json.Tests.Bson.BsonWriterTests">
                  
                </testcase><testcase name="WriteGuid" assertions="0" time="0.000665" status="Passed" classname="Newtonsoft.Json.Tests.Bson.BsonWriterTests">
                  
                </testcase><testcase name="WriteLargeStrings" assertions="0" time="0.001016" status="Passed" classname="Newtonsoft.Json.Tests.Bson.BsonWriterTests">
                  
                </testcase><testcase name="WriteNestedArray" assertions="0" time="0.000860" status="Passed" classname="Newtonsoft.Json.Tests.Bson.BsonWriterTests">
                  
                </testcase><testcase name="WriteOid" assertions="0" time="0.001097" status="Passed" classname="Newtonsoft.Json.Tests.Bson.BsonWriterTests">
                  
                </testcase><testcase name="WriteOidPlusContent" assertions="0" time="0.000804" status="Passed" classname="Newtonsoft.Json.Tests.Bson.BsonWriterTests">
                  
                </testcase><testcase name="WriteRaw" assertions="0" time="0.000845" status="Passed" classname="Newtonsoft.Json.Tests.Bson.BsonWriterTests">
                  
                </testcase><testcase name="WriteRawValue" assertions="0" time="0.000833" status="Passed" classname="Newtonsoft.Json.Tests.Bson.BsonWriterTests">
                  
                </testcase><testcase name="WriteReadEmptyAndNullStrings" assertions="0" time="0.000959" status="Passed" classname="Newtonsoft.Json.Tests.Bson.BsonWriterTests">
                  
                </testcase><testcase name="WriteReadGuid" assertions="0" time="0.002184" status="Passed" classname="Newtonsoft.Json.Tests.Bson.BsonWriterTests">
                  
                </testcase><testcase name="WriteRegexPlusContent" assertions="0" time="0.000777" status="Passed" classname="Newtonsoft.Json.Tests.Bson.BsonWriterTests">
                  
                </testcase><testcase name="WriteSerializedStore" assertions="0" time="0.034586" status="Passed" classname="Newtonsoft.Json.Tests.Bson.BsonWriterTests">
                  
                </testcase><testcase name="WriteSingleObject" assertions="0" time="0.000813" status="Passed" classname="Newtonsoft.Json.Tests.Bson.BsonWriterTests">
                  
                </testcase><testcase name="WriteStringReadGuid" assertions="0" time="0.002256" status="Passed" classname="Newtonsoft.Json.Tests.Bson.BsonWriterTests">
                  
                </testcase><testcase name="WriteUri" assertions="0" time="0.001009" status="Passed" classname="Newtonsoft.Json.Tests.Bson.BsonWriterTests">
                  
                </testcase><testcase name="WriteValueOutsideOfObjectOrArray" assertions="0" time="0.000852" status="Passed" classname="Newtonsoft.Json.Tests.Bson.BsonWriterTests">
                  
                </testcase><testcase name="WriteValues" assertions="0" time="0.003907" status="Passed" classname="Newtonsoft.Json.Tests.Bson.BsonWriterTests">
                  
                </testcase></testsuite>
            
            
              
              
              <testsuite tests="5" time="0.042167" errors="0" failures="0" skipped="0" timestamp="2019-11-12 05:38:56Z" name="UnityTestFramework.Newtonsoft.Json.Tests.dll.Newtonsoft.Json.Tests.Converters.BinaryConverterTests."><testcase name="DeserializeByteArrayClass" assertions="0" time="0.005321" status="Passed" classname="Newtonsoft.Json.Tests.Converters.BinaryConverterTests">
                  
                </testcase><testcase name="DeserializeByteArrayFromJsonArray" assertions="0" time="0.002086" status="Passed" classname="Newtonsoft.Json.Tests.Converters.BinaryConverterTests">
                  
                </testcase><testcase name="DeserializeSqlBinaryClass" assertions="0" time="0.014569" status="Passed" classname="Newtonsoft.Json.Tests.Converters.BinaryConverterTests">
                  
                </testcase><testcase name="SerializeByteArrayClass" assertions="0" time="0.005035" status="Passed" classname="Newtonsoft.Json.Tests.Converters.BinaryConverterTests">
                  
                </testcase><testcase name="SerializeSqlBinaryClass" assertions="0" time="0.001317" status="Passed" classname="Newtonsoft.Json.Tests.Converters.BinaryConverterTests">
                  
                </testcase></testsuite>
              <testsuite tests="4" time="0.057708" errors="0" failures="0" skipped="0" timestamp="2019-11-12 05:38:56Z" name="UnityTestFramework.Newtonsoft.Json.Tests.dll.Newtonsoft.Json.Tests.Converters.CustomCreationConverterTests."><testcase name="AssertDoesDeserialize" assertions="0" time="0.008387" status="Passed" classname="Newtonsoft.Json.Tests.Converters.CustomCreationConverterTests">
                  
                </testcase><testcase name="AssertShouldSerializeTest" assertions="0" time="0.001593" status="Passed" classname="Newtonsoft.Json.Tests.Converters.CustomCreationConverterTests">
                  
                </testcase><testcase name="DeserializeAndConvertNullValue" assertions="0" time="0.016846" status="Passed" classname="Newtonsoft.Json.Tests.Converters.CustomCreationConverterTests">
                  
                </testcase><testcase name="DeserializeObject" assertions="0" time="0.018967" status="Passed" classname="Newtonsoft.Json.Tests.Converters.CustomCreationConverterTests">
                  
                </testcase></testsuite>
              <testsuite tests="4" time="0.535487" errors="0" failures="0" skipped="0" timestamp="2019-11-12 05:38:56Z" name="UnityTestFramework.Newtonsoft.Json.Tests.dll.Newtonsoft.Json.Tests.Converters.ExpandoObjectConverterTests."><testcase name="DeserializeExpandoObject" assertions="0" time="0.482713" status="Passed" classname="Newtonsoft.Json.Tests.Converters.ExpandoObjectConverterTests">
                  
                </testcase><testcase name="DeserializeNullExpandoObject" assertions="0" time="0.001055" status="Passed" classname="Newtonsoft.Json.Tests.Converters.ExpandoObjectConverterTests">
                  
                </testcase><testcase name="SerializeExpandoObject" assertions="0" time="0.026457" status="Passed" classname="Newtonsoft.Json.Tests.Converters.ExpandoObjectConverterTests">
                  
                </testcase><testcase name="SerializeNullExpandoObject" assertions="0" time="0.000802" status="Passed" classname="Newtonsoft.Json.Tests.Converters.ExpandoObjectConverterTests">
                  
                </testcase></testsuite>
              <testsuite tests="7" time="0.024058" errors="0" failures="0" skipped="0" timestamp="2019-11-12 05:38:57Z" name="UnityTestFramework.Newtonsoft.Json.Tests.dll.Newtonsoft.Json.Tests.Converters.GenericJsonConverterTests."><testcase name="ReadJsonGenericExistingValueNull" assertions="0" time="0.000995" status="Passed" classname="Newtonsoft.Json.Tests.Converters.GenericJsonConverterTests">
                  
                </testcase><testcase name="ReadJsonGenericExistingValueString" assertions="0" time="0.000665" status="Passed" classname="Newtonsoft.Json.Tests.Converters.GenericJsonConverterTests">
                  
                </testcase><testcase name="ReadJsonObjectExistingValueNull" assertions="0" time="0.000827" status="Passed" classname="Newtonsoft.Json.Tests.Converters.GenericJsonConverterTests">
                  
                </testcase><testcase name="ReadJsonObjectExistingValueWrongType" assertions="0" time="0.000899" status="Passed" classname="Newtonsoft.Json.Tests.Converters.GenericJsonConverterTests">
                  
                </testcase><testcase name="WriteJsonBadType" assertions="0" time="0.001276" status="Passed" classname="Newtonsoft.Json.Tests.Converters.GenericJsonConverterTests">
                  
                </testcase><testcase name="WriteJsonGeneric" assertions="0" time="0.000729" status="Passed" classname="Newtonsoft.Json.Tests.Converters.GenericJsonConverterTests">
                  
                </testcase><testcase name="WriteJsonObject" assertions="0" time="0.000634" status="Passed" classname="Newtonsoft.Json.Tests.Converters.GenericJsonConverterTests">
                  
                </testcase></testsuite>
              <testsuite tests="14" time="0.089861" errors="0" failures="0" skipped="0" timestamp="2019-11-12 05:38:57Z" name="UnityTestFramework.Newtonsoft.Json.Tests.dll.Newtonsoft.Json.Tests.Converters.IsoDateTimeConverterTests."><testcase name="BlogCodeSample" assertions="0" time="0.008068" status="Passed" classname="Newtonsoft.Json.Tests.Converters.IsoDateTimeConverterTests">
                  
                </testcase><testcase name="DeserializeDateTimeOffset" assertions="0" time="0.006642" status="Passed" classname="Newtonsoft.Json.Tests.Converters.IsoDateTimeConverterTests">
                  
                </testcase><testcase name="DeserializeNullToNonNullable" assertions="0" time="0.005326" status="Passed" classname="Newtonsoft.Json.Tests.Converters.IsoDateTimeConverterTests">
                  
                </testcase><testcase name="NullableDeserializeEmptyString" assertions="0" time="0.005154" status="Passed" classname="Newtonsoft.Json.Tests.Converters.IsoDateTimeConverterTests">
                  
                </testcase><testcase name="NullableSerializeUTC" assertions="0" time="0.004041" status="Passed" classname="Newtonsoft.Json.Tests.Converters.IsoDateTimeConverterTests">
                  
                </testcase><testcase name="PropertiesShouldBeSet" assertions="0" time="0.001219" status="Passed" classname="Newtonsoft.Json.Tests.Converters.IsoDateTimeConverterTests">
                  
                </testcase><testcase name="SerializeCustomFormattedDateTime" assertions="0" time="0.006718" status="Passed" classname="Newtonsoft.Json.Tests.Converters.IsoDateTimeConverterTests">
                  
                </testcase><testcase name="SerializeDateTime" assertions="0" time="0.001885" status="Passed" classname="Newtonsoft.Json.Tests.Converters.IsoDateTimeConverterTests">
                  
                </testcase><testcase name="SerializeDateTimeCulture" assertions="0" time="0.007506" status="Passed" classname="Newtonsoft.Json.Tests.Converters.IsoDateTimeConverterTests">
                  
                </testcase><testcase name="SerializeDateTimeOffset" assertions="0" time="0.001072" status="Passed" classname="Newtonsoft.Json.Tests.Converters.IsoDateTimeConverterTests">
                  
                </testcase><testcase name="SerializeFormattedDateTimeInvariantCulture" assertions="0" time="0.002887" status="Passed" classname="Newtonsoft.Json.Tests.Converters.IsoDateTimeConverterTests">
                  
                </testcase><testcase name="SerializeFormattedDateTimeNewZealandCulture" assertions="0" time="0.002185" status="Passed" classname="Newtonsoft.Json.Tests.Converters.IsoDateTimeConverterTests">
                  
                </testcase><testcase name="SerializeShouldChangeNonUTCDates" assertions="0" time="0.001995" status="Passed" classname="Newtonsoft.Json.Tests.Converters.IsoDateTimeConverterTests">
                  
                </testcase><testcase name="SerializeUTC" assertions="0" time="0.001588" status="Passed" classname="Newtonsoft.Json.Tests.Converters.IsoDateTimeConverterTests">
                  
                </testcase></testsuite>
              <testsuite tests="14" time="0.064459" errors="0" failures="0" skipped="0" timestamp="2019-11-12 05:38:57Z" name="UnityTestFramework.Newtonsoft.Json.Tests.dll.Newtonsoft.Json.Tests.Converters.JavaScriptDateTimeConverterTests."><testcase name="ConverterDictionary" assertions="0" time="0.011081" status="Passed" classname="Newtonsoft.Json.Tests.Converters.JavaScriptDateTimeConverterTests">
                  
                </testcase><testcase name="ConverterList" assertions="0" time="0.004225" status="Passed" classname="Newtonsoft.Json.Tests.Converters.JavaScriptDateTimeConverterTests">
                  
                </testcase><testcase name="ConverterObject" assertions="0" time="0.004466" status="Passed" classname="Newtonsoft.Json.Tests.Converters.JavaScriptDateTimeConverterTests">
                  
                </testcase><testcase name="DeserializeDateTime" assertions="0" time="0.000760" status="Passed" classname="Newtonsoft.Json.Tests.Converters.JavaScriptDateTimeConverterTests">
                  
                </testcase><testcase name="DeserializeDateTime_MultipleArguments" assertions="0" time="0.002791" status="Passed" classname="Newtonsoft.Json.Tests.Converters.JavaScriptDateTimeConverterTests">
                  
                </testcase><testcase name="DeserializeDateTime_NoArguments" assertions="0" time="0.000879" status="Passed" classname="Newtonsoft.Json.Tests.Converters.JavaScriptDateTimeConverterTests">
                  
                </testcase><testcase name="DeserializeDateTime_NotArgumentsNotClosed" assertions="0" time="0.000778" status="Passed" classname="Newtonsoft.Json.Tests.Converters.JavaScriptDateTimeConverterTests">
                  
                </testcase><testcase name="DeserializeDateTime_NotClosed" assertions="0" time="0.000987" status="Passed" classname="Newtonsoft.Json.Tests.Converters.JavaScriptDateTimeConverterTests">
                  
                </testcase><testcase name="DeserializeDateTime_TooManyArguments" assertions="0" time="0.000925" status="Passed" classname="Newtonsoft.Json.Tests.Converters.JavaScriptDateTimeConverterTests">
                  
                </testcase><testcase name="DeserializeDateTimeOffset" assertions="0" time="0.000844" status="Passed" classname="Newtonsoft.Json.Tests.Converters.JavaScriptDateTimeConverterTests">
                  
                </testcase><testcase name="DeserializeNullToNonNullable" assertions="0" time="0.001129" status="Passed" classname="Newtonsoft.Json.Tests.Converters.JavaScriptDateTimeConverterTests">
                  
                </testcase><testcase name="SerializeDateTime" assertions="0" time="0.000627" status="Passed" classname="Newtonsoft.Json.Tests.Converters.JavaScriptDateTimeConverterTests">
                  
                </testcase><testcase name="SerializeDateTimeOffset" assertions="0" time="0.000629" status="Passed" classname="Newtonsoft.Json.Tests.Converters.JavaScriptDateTimeConverterTests">
                  
                </testcase><testcase name="SerializeNullableDateTimeClass" assertions="0" time="0.000989" status="Passed" classname="Newtonsoft.Json.Tests.Converters.JavaScriptDateTimeConverterTests">
                  
                </testcase></testsuite>
              <testsuite tests="2" time="0.029596" errors="0" failures="0" skipped="0" timestamp="2019-11-12 05:38:57Z" name="UnityTestFramework.Newtonsoft.Json.Tests.dll.Newtonsoft.Json.Tests.Converters.KeyValuePairConverterTests."><testcase name="DeserializeUnexpectedEnd" assertions="0" time="0.009079" status="Passed" classname="Newtonsoft.Json.Tests.Converters.KeyValuePairConverterTests">
                  
                </testcase><testcase name="SerializeUsingInternalConverter" assertions="0" time="0.011258" status="Passed" classname="Newtonsoft.Json.Tests.Converters.KeyValuePairConverterTests">
                  
                </testcase></testsuite>
              <testsuite tests="2" time="0.014049" errors="0" failures="0" skipped="0" timestamp="2019-11-12 05:38:57Z" name="UnityTestFramework.Newtonsoft.Json.Tests.dll.Newtonsoft.Json.Tests.Converters.ObjectIdConverterTests."><testcase name="Deserialize" assertions="0" time="0.004168" status="Passed" classname="Newtonsoft.Json.Tests.Converters.ObjectIdConverterTests">
                  
                </testcase><testcase name="Serialize" assertions="0" time="0.001123" status="Passed" classname="Newtonsoft.Json.Tests.Converters.ObjectIdConverterTests">
                  
                </testcase></testsuite>
              <testsuite tests="16" time="0.086517" errors="0" failures="0" skipped="0" timestamp="2019-11-12 05:38:57Z" name="UnityTestFramework.Newtonsoft.Json.Tests.dll.Newtonsoft.Json.Tests.Converters.RegexConverterTests."><testcase name="ConvertEmptyRegexBson" assertions="0" time="0.002719" status="Passed" classname="Newtonsoft.Json.Tests.Converters.RegexConverterTests">
                  
                </testcase><testcase name="ConvertEmptyRegexJson" assertions="0" time="0.001241" status="Passed" classname="Newtonsoft.Json.Tests.Converters.RegexConverterTests">
                  
                </testcase><testcase name="ConvertRegexWithAllOptionsBson" assertions="0" time="0.001008" status="Passed" classname="Newtonsoft.Json.Tests.Converters.RegexConverterTests">
                  
                </testcase><testcase name="DeserializeCamelCaseAndStringEnums" assertions="0" time="0.003648" status="Passed" classname="Newtonsoft.Json.Tests.Converters.RegexConverterTests">
                  
                </testcase><testcase name="DeserializeFromBson" assertions="0" time="0.000946" status="Passed" classname="Newtonsoft.Json.Tests.Converters.RegexConverterTests">
                  
                </testcase><testcase name="DeserializeFromText" assertions="0" time="0.000864" status="Passed" classname="Newtonsoft.Json.Tests.Converters.RegexConverterTests">
                  
                </testcase><testcase name="DeserializeISerializeRegexJson" assertions="0" time="0.000836" status="Passed" classname="Newtonsoft.Json.Tests.Converters.RegexConverterTests">
                  
                </testcase><testcase name="DeserializeNullRegex" assertions="0" time="0.002338" status="Passed" classname="Newtonsoft.Json.Tests.Converters.RegexConverterTests">
                  
                </testcase><testcase name="DeserializeStringRegex" assertions="0" time="0.000836" status="Passed" classname="Newtonsoft.Json.Tests.Converters.RegexConverterTests">
                  
                </testcase><testcase name="DeserializeStringRegex_NoEndSlash_Error" assertions="0" time="0.001039" status="Passed" classname="Newtonsoft.Json.Tests.Converters.RegexConverterTests">
                  
                </testcase><testcase name="DeserializeStringRegex_NoStartAndEndSlashes_Error" assertions="0" time="0.000844" status="Passed" classname="Newtonsoft.Json.Tests.Converters.RegexConverterTests">
                  
                </testcase><testcase name="DeserializeStringRegex_NoStartSlash_Error" assertions="0" time="0.000826" status="Passed" classname="Newtonsoft.Json.Tests.Converters.RegexConverterTests">
                  
                </testcase><testcase name="SerializeCamelCaseAndStringEnums" assertions="0" time="0.030942" status="Passed" classname="Newtonsoft.Json.Tests.Converters.RegexConverterTests">
                  
                </testcase><testcase name="SerializeToBson" assertions="0" time="0.001078" status="Passed" classname="Newtonsoft.Json.Tests.Converters.RegexConverterTests">
                  
                </testcase><testcase name="SerializeToText" assertions="0" time="0.000823" status="Passed" classname="Newtonsoft.Json.Tests.Converters.RegexConverterTests">
                  
                </testcase><testcase name="WriteJsonNull" assertions="0" time="0.000763" status="Passed" classname="Newtonsoft.Json.Tests.Converters.RegexConverterTests">
                  
                </testcase></testsuite>
              <testsuite tests="57" time="0.473428" errors="0" failures="0" skipped="0" timestamp="2019-11-12 05:38:57Z" name="UnityTestFramework.Newtonsoft.Json.Tests.dll.Newtonsoft.Json.Tests.Converters.StringEnumConverterTests."><testcase name="AllowIntegerValueAndDash" assertions="0" time="0.003777" status="Passed" classname="Newtonsoft.Json.Tests.Converters.StringEnumConverterTests">
                  
                </testcase><testcase name="AllowIntegerValueAndNegativeStringNumber" assertions="0" time="0.001055" status="Passed" classname="Newtonsoft.Json.Tests.Converters.StringEnumConverterTests">
                  
                </testcase><testcase name="AllowIntegerValueAndNonNamedValue" assertions="0" time="0.000897" status="Passed" classname="Newtonsoft.Json.Tests.Converters.StringEnumConverterTests">
                  
                </testcase><testcase name="AllowIntegerValueAndPositiveStringNumber" assertions="0" time="0.000855" status="Passed" classname="Newtonsoft.Json.Tests.Converters.StringEnumConverterTests">
                  
                </testcase><testcase name="AllowIntegerValueAndStringNumber" assertions="0" time="0.000834" status="Passed" classname="Newtonsoft.Json.Tests.Converters.StringEnumConverterTests">
                  
                </testcase><testcase name="CamelCaseTextFlagEnumDeserialization" assertions="0" time="0.003428" status="Passed" classname="Newtonsoft.Json.Tests.Converters.StringEnumConverterTests">
                  
                </testcase><testcase name="CamelCaseTextFlagEnumSerialization" assertions="0" time="0.001055" status="Passed" classname="Newtonsoft.Json.Tests.Converters.StringEnumConverterTests">
                  
                </testcase><testcase name="CannotPassNullArgumentToConverter" assertions="0" time="0.002362" status="Passed" classname="Newtonsoft.Json.Tests.Converters.StringEnumConverterTests">
                  
                </testcase><testcase name="DataContractSerializerDuplicateNameEnumTest" assertions="0" time="0.209167" status="Passed" classname="Newtonsoft.Json.Tests.Converters.StringEnumConverterTests">
                  
                </testcase><testcase name="Deserialize_AllowIntegerValuesAttribute" assertions="0" time="0.003099" status="Passed" classname="Newtonsoft.Json.Tests.Converters.StringEnumConverterTests">
                  
                </testcase><testcase name="Deserialize_CamelCaseFromAttribute" assertions="0" time="0.002340" status="Passed" classname="Newtonsoft.Json.Tests.Converters.StringEnumConverterTests">
                  
                </testcase><testcase name="Deserialize_CamelCaseFromAttribute_Obsolete" assertions="0" time="0.002346" status="Passed" classname="Newtonsoft.Json.Tests.Converters.StringEnumConverterTests">
                  
                </testcase><testcase name="Deserialize_NotAllowIntegerValuesFromAttribute" assertions="0" time="0.002582" status="Passed" classname="Newtonsoft.Json.Tests.Converters.StringEnumConverterTests">
                  
                </testcase><testcase name="Deserialize_SnakeCaseFromAttribute" assertions="0" time="0.003033" status="Passed" classname="Newtonsoft.Json.Tests.Converters.StringEnumConverterTests">
                  
                </testcase><testcase name="DeserializeEmptyStringIntoNullable" assertions="0" time="0.004274" status="Passed" classname="Newtonsoft.Json.Tests.Converters.StringEnumConverterTests">
                  
                </testcase><testcase name="DeserializeEnumCaseIncensitive_ByEnumMemberValue_MixedCase" assertions="0" time="0.002467" status="Passed" classname="Newtonsoft.Json.Tests.Converters.StringEnumConverterTests">
                  
                </testcase><testcase name="DeserializeEnumCaseIncensitive_ByEnumMemberValue_UpperCase" assertions="0" time="0.000614" status="Passed" classname="Newtonsoft.Json.Tests.Converters.StringEnumConverterTests">
                  
                </testcase><testcase name="DeserializeEnumCaseIncensitive_ByName_LowerCase" assertions="0" time="0.000644" status="Passed" classname="Newtonsoft.Json.Tests.Converters.StringEnumConverterTests">
                  
                </testcase><testcase name="DeserializeEnumCaseIncensitive_ByName_UperCase" assertions="0" time="0.000567" status="Passed" classname="Newtonsoft.Json.Tests.Converters.StringEnumConverterTests">
                  
                </testcase><testcase name="DeserializeEnumCaseIncensitive_FromAttribute" assertions="0" time="0.000812" status="Passed" classname="Newtonsoft.Json.Tests.Converters.StringEnumConverterTests">
                  
                </testcase><testcase name="DeserializeEnumClass" assertions="0" time="0.000818" status="Passed" classname="Newtonsoft.Json.Tests.Converters.StringEnumConverterTests">
                  
                </testcase><testcase name="DeserializeEnumClassUndefined" assertions="0" time="0.000864" status="Passed" classname="Newtonsoft.Json.Tests.Converters.StringEnumConverterTests">
                  
                </testcase><testcase name="DeserializeEnumMemberWithDifferentCases" assertions="0" time="0.002074" status="Passed" classname="Newtonsoft.Json.Tests.Converters.StringEnumConverterTests">
                  
                </testcase><testcase name="DeserializeEnumMemberWithDifferentCasing_ByEnumMemberValue_First" assertions="0" time="0.002231" status="Passed" classname="Newtonsoft.Json.Tests.Converters.StringEnumConverterTests">
                  
                </testcase><testcase name="DeserializeEnumMemberWithDifferentCasing_ByEnumMemberValue_Second" assertions="0" time="0.000661" status="Passed" classname="Newtonsoft.Json.Tests.Converters.StringEnumConverterTests">
                  
                </testcase><testcase name="DeserializeEnumWithDifferentCases" assertions="0" time="0.001941" status="Passed" classname="Newtonsoft.Json.Tests.Converters.StringEnumConverterTests">
                  
                </testcase><testcase name="DeserializeFlagEnum" assertions="0" time="0.000728" status="Passed" classname="Newtonsoft.Json.Tests.Converters.StringEnumConverterTests">
                  
                </testcase><testcase name="DeserializeIntegerButNotAllowed" assertions="0" time="0.003303" status="Passed" classname="Newtonsoft.Json.Tests.Converters.StringEnumConverterTests">
                  
                </testcase><testcase name="DeserializeInvalidString" assertions="0" time="0.001056" status="Passed" classname="Newtonsoft.Json.Tests.Converters.StringEnumConverterTests">
                  
                </testcase><testcase name="DeserializeNameEnumTest" assertions="0" time="0.003062" status="Passed" classname="Newtonsoft.Json.Tests.Converters.StringEnumConverterTests">
                  
                </testcase><testcase name="DeserializeNegativeEnum" assertions="0" time="0.004221" status="Passed" classname="Newtonsoft.Json.Tests.Converters.StringEnumConverterTests">
                  
                </testcase><testcase name="DeserializeNegativeFlagsEnum" assertions="0" time="0.003468" status="Passed" classname="Newtonsoft.Json.Tests.Converters.StringEnumConverterTests">
                  
                </testcase><testcase name="DuplicateNameEnumTest" assertions="0" time="0.002130" status="Passed" classname="Newtonsoft.Json.Tests.Converters.StringEnumConverterTests">
                  
                </testcase><testcase name="EnumMemberPlusFlags" assertions="0" time="0.014030" status="Passed" classname="Newtonsoft.Json.Tests.Converters.StringEnumConverterTests">
                  
                </testcase><testcase name="EnumMemberWithNumbers" assertions="0" time="0.002280" status="Passed" classname="Newtonsoft.Json.Tests.Converters.StringEnumConverterTests">
                  
                </testcase><testcase name="EnumMemberWithNumbers_NoIntegerValues" assertions="0" time="0.000957" status="Passed" classname="Newtonsoft.Json.Tests.Converters.StringEnumConverterTests">
                  
                </testcase><testcase name="NamedEnumCommaCaseInsensitiveTest" assertions="0" time="0.003609" status="Passed" classname="Newtonsoft.Json.Tests.Converters.StringEnumConverterTests">
                  
                </testcase><testcase name="NamedEnumCommaTest" assertions="0" time="0.000876" status="Passed" classname="Newtonsoft.Json.Tests.Converters.StringEnumConverterTests">
                  
                </testcase><testcase name="NamedEnumCommaTest2" assertions="0" time="0.000855" status="Passed" classname="Newtonsoft.Json.Tests.Converters.StringEnumConverterTests">
                  
                </testcase><testcase name="NamedEnumDuplicateTest" assertions="0" time="0.003053" status="Passed" classname="Newtonsoft.Json.Tests.Converters.StringEnumConverterTests">
                  
                </testcase><testcase name="NamingStrategyAndCamelCaseText" assertions="0" time="0.000935" status="Passed" classname="Newtonsoft.Json.Tests.Converters.StringEnumConverterTests">
                  
                </testcase><testcase name="Serialize_CamelCaseFromAttribute" assertions="0" time="0.000503" status="Passed" classname="Newtonsoft.Json.Tests.Converters.StringEnumConverterTests">
                  
                </testcase><testcase name="Serialize_CamelCaseFromAttribute_Obsolete" assertions="0" time="0.000482" status="Passed" classname="Newtonsoft.Json.Tests.Converters.StringEnumConverterTests">
                  
                </testcase><testcase name="Serialize_SnakeCaseFromAttribute" assertions="0" time="0.000639" status="Passed" classname="Newtonsoft.Json.Tests.Converters.StringEnumConverterTests">
                  
                </testcase><testcase name="SerializeEnumClass" assertions="0" time="0.000653" status="Passed" classname="Newtonsoft.Json.Tests.Converters.StringEnumConverterTests">
                  
                </testcase><testcase name="SerializeEnumClassUndefined" assertions="0" time="0.000798" status="Passed" classname="Newtonsoft.Json.Tests.Converters.StringEnumConverterTests">
                  
                </testcase><testcase name="SerializeEnumClassWithCamelCase" assertions="0" time="0.000947" status="Passed" classname="Newtonsoft.Json.Tests.Converters.StringEnumConverterTests">
                  
                </testcase><testcase name="SerializeEnumMemberWithDifferentCases" assertions="0" time="0.000789" status="Passed" classname="Newtonsoft.Json.Tests.Converters.StringEnumConverterTests">
                  
                </testcase><testcase name="SerializeEnumWithDifferentCases" assertions="0" time="0.000567" status="Passed" classname="Newtonsoft.Json.Tests.Converters.StringEnumConverterTests">
                  
                </testcase><testcase name="SerializeFlagEnum" assertions="0" time="0.000734" status="Passed" classname="Newtonsoft.Json.Tests.Converters.StringEnumConverterTests">
                  
                </testcase><testcase name="SerializeNameEnumTest" assertions="0" time="0.000812" status="Passed" classname="Newtonsoft.Json.Tests.Converters.StringEnumConverterTests">
                  
                </testcase><testcase name="SerializeNegativeEnum" assertions="0" time="0.000670" status="Passed" classname="Newtonsoft.Json.Tests.Converters.StringEnumConverterTests">
                  
                </testcase><testcase name="SerializeNegativeFlagsEnum" assertions="0" time="0.000726" status="Passed" classname="Newtonsoft.Json.Tests.Converters.StringEnumConverterTests">
                  
                </testcase><testcase name="StringEnumConverter_CamelCaseTextCtor" assertions="0" time="0.000670" status="Passed" classname="Newtonsoft.Json.Tests.Converters.StringEnumConverterTests">
                  
                </testcase><testcase name="StringEnumConverter_NamingStrategyTypeCtor" assertions="0" time="0.001689" status="Passed" classname="Newtonsoft.Json.Tests.Converters.StringEnumConverterTests">
                  
                </testcase><testcase name="StringEnumConverter_NamingStrategyTypeCtor_Null" assertions="0" time="0.000958" status="Passed" classname="Newtonsoft.Json.Tests.Converters.StringEnumConverterTests">
                  
                </testcase><testcase name="StringEnumConverter_NamingStrategyTypeWithArgsCtor_Null" assertions="0" time="0.000702" status="Passed" classname="Newtonsoft.Json.Tests.Converters.StringEnumConverterTests">
                  
                </testcase></testsuite>
              <testsuite tests="17" time="0.062152" errors="0" failures="0" skipped="0" timestamp="2019-11-12 05:38:58Z" name="UnityTestFramework.Newtonsoft.Json.Tests.dll.Newtonsoft.Json.Tests.Converters.UnixDateTimeConverterTests."><testcase name="ConverterDictionary" assertions="0" time="0.005723" status="Passed" classname="Newtonsoft.Json.Tests.Converters.UnixDateTimeConverterTests">
                  
                </testcase><testcase name="ConverterList" assertions="0" time="0.003678" status="Passed" classname="Newtonsoft.Json.Tests.Converters.UnixDateTimeConverterTests">
                  
                </testcase><testcase name="ConverterObject" assertions="0" time="0.003650" status="Passed" classname="Newtonsoft.Json.Tests.Converters.UnixDateTimeConverterTests">
                  
                </testcase><testcase name="DeserializeDateTimeOffset" assertions="0" time="0.001033" status="Passed" classname="Newtonsoft.Json.Tests.Converters.UnixDateTimeConverterTests">
                  
                </testcase><testcase name="DeserializeIntegerToDateTime" assertions="0" time="0.000802" status="Passed" classname="Newtonsoft.Json.Tests.Converters.UnixDateTimeConverterTests">
                  
                </testcase><testcase name="DeserializeInvalidStringToDateTimeOffset" assertions="0" time="0.001227" status="Passed" classname="Newtonsoft.Json.Tests.Converters.UnixDateTimeConverterTests">
                  
                </testcase><testcase name="DeserializeInvalidValue" assertions="0" time="0.000767" status="Passed" classname="Newtonsoft.Json.Tests.Converters.UnixDateTimeConverterTests">
                  
                </testcase><testcase name="DeserializeInvalidValueType" assertions="0" time="0.000812" status="Passed" classname="Newtonsoft.Json.Tests.Converters.UnixDateTimeConverterTests">
                  
                </testcase><testcase name="DeserializeNullToNonNullable" assertions="0" time="0.000769" status="Passed" classname="Newtonsoft.Json.Tests.Converters.UnixDateTimeConverterTests">
                  
                </testcase><testcase name="DeserializeNullToNullable" assertions="0" time="0.000768" status="Passed" classname="Newtonsoft.Json.Tests.Converters.UnixDateTimeConverterTests">
                  
                </testcase><testcase name="DeserializeStringToDateTimeOffset" assertions="0" time="0.000851" status="Passed" classname="Newtonsoft.Json.Tests.Converters.UnixDateTimeConverterTests">
                  
                </testcase><testcase name="SerializeDateTime" assertions="0" time="0.000624" status="Passed" classname="Newtonsoft.Json.Tests.Converters.UnixDateTimeConverterTests">
                  
                </testcase><testcase name="SerializeDateTimeNow" assertions="0" time="0.000851" status="Passed" classname="Newtonsoft.Json.Tests.Converters.UnixDateTimeConverterTests">
                  
                </testcase><testcase name="SerializeDateTimeOffset" assertions="0" time="0.000584" status="Passed" classname="Newtonsoft.Json.Tests.Converters.UnixDateTimeConverterTests">
                  
                </testcase><testcase name="SerializeInvalidDate" assertions="0" time="0.000745" status="Passed" classname="Newtonsoft.Json.Tests.Converters.UnixDateTimeConverterTests">
                  
                </testcase><testcase name="SerializeNullableDateTimeClass" assertions="0" time="0.000968" status="Passed" classname="Newtonsoft.Json.Tests.Converters.UnixDateTimeConverterTests">
                  
                </testcase><testcase name="WriteJsonInvalidType" assertions="0" time="0.000664" status="Passed" classname="Newtonsoft.Json.Tests.Converters.UnixDateTimeConverterTests">
                  
                </testcase></testsuite>
              <testsuite tests="4" time="0.032290" errors="0" failures="0" skipped="0" timestamp="2019-11-12 05:38:58Z" name="UnityTestFramework.Newtonsoft.Json.Tests.dll.Newtonsoft.Json.Tests.Converters.VersionConverterTests."><testcase name="DeserializeVersionClass" assertions="0" time="0.011635" status="Passed" classname="Newtonsoft.Json.Tests.Converters.VersionConverterTests">
                  
                </testcase><testcase name="RoundtripImplicitConverter" assertions="0" time="0.005478" status="Passed" classname="Newtonsoft.Json.Tests.Converters.VersionConverterTests">
                  
                </testcase><testcase name="SerializeVersionClass" assertions="0" time="0.002506" status="Passed" classname="Newtonsoft.Json.Tests.Converters.VersionConverterTests">
                  
                </testcase><testcase name="WriteJsonNull" assertions="0" time="0.000645" status="Passed" classname="Newtonsoft.Json.Tests.Converters.VersionConverterTests">
                  
                </testcase></testsuite>
              <testsuite tests="100" time="0.809145" errors="0" failures="3" skipped="0" timestamp="2019-11-12 05:38:58Z" name="UnityTestFramework.Newtonsoft.Json.Tests.dll.Newtonsoft.Json.Tests.Converters.XmlNodeConverterTest."><testcase name="ComplexSingleItemArrayPropertySerialization" assertions="0" time="0.080709" status="Passed" classname="Newtonsoft.Json.Tests.Converters.XmlNodeConverterTest">
                  
                </testcase><testcase name="ConvertNullString" assertions="0" time="0.021694" status="Passed" classname="Newtonsoft.Json.Tests.Converters.XmlNodeConverterTest">
                  
                </testcase><testcase name="DateTimeParseHandlingOffset" assertions="0" time="0.009946" status="Passed" classname="Newtonsoft.Json.Tests.Converters.XmlNodeConverterTest">
                  
                </testcase><testcase name="DateTimeToXml_Local" assertions="0" time="0.004240" status="Passed" classname="Newtonsoft.Json.Tests.Converters.XmlNodeConverterTest">
                  
                </testcase><testcase name="DateTimeToXml_Local_Precision" assertions="0" time="0.001426" status="Passed" classname="Newtonsoft.Json.Tests.Converters.XmlNodeConverterTest">
                  
                </testcase><testcase name="DateTimeToXml_Unspecified" assertions="0" time="0.000908" status="Passed" classname="Newtonsoft.Json.Tests.Converters.XmlNodeConverterTest">
                  
                </testcase><testcase name="DateTimeToXml_Unspecified_Precision" assertions="0" time="0.001383" status="Passed" classname="Newtonsoft.Json.Tests.Converters.XmlNodeConverterTest">
                  
                </testcase><testcase name="DateTimeToXml_Utc" assertions="0" time="0.001355" status="Passed" classname="Newtonsoft.Json.Tests.Converters.XmlNodeConverterTest">
                  
                </testcase><testcase name="DateTimeToXml_Utc_Precision" assertions="0" time="0.000896" status="Passed" classname="Newtonsoft.Json.Tests.Converters.XmlNodeConverterTest">
                  
                </testcase><testcase name="Deserialize_XDocument_NoRoot" assertions="0" time="0.001317" status="Passed" classname="Newtonsoft.Json.Tests.Converters.XmlNodeConverterTest">
                  
                </testcase><testcase name="Deserialize_XDocument_NoRootWithDeclaration" assertions="0" time="0.001903" status="Passed" classname="Newtonsoft.Json.Tests.Converters.XmlNodeConverterTest">
                  
                </testcase><testcase name="DeserializeAttributePropertyNotAtStart" assertions="0" time="0.002511" status="Passed" classname="Newtonsoft.Json.Tests.Converters.XmlNodeConverterTest">
                  
                </testcase><testcase name="DeserializeBigInteger" assertions="0" time="0.002966" status="Passed" classname="Newtonsoft.Json.Tests.Converters.XmlNodeConverterTest">
                  
                </testcase><testcase name="DeserializeDateInElementText" assertions="0" time="0.023994" status="Passed" classname="Newtonsoft.Json.Tests.Converters.XmlNodeConverterTest">
                  
                </testcase><testcase name="DeserializeExample" assertions="0" time="0.004890" status="Passed" classname="Newtonsoft.Json.Tests.Converters.XmlNodeConverterTest">
                  
                </testcase><testcase name="DeserializeMultipleRootElements" assertions="0" time="0.001049" status="Passed" classname="Newtonsoft.Json.Tests.Converters.XmlNodeConverterTest">
                  
                </testcase><testcase name="DeserializeNonInt64IntegerValues" assertions="0" time="0.004459" status="Passed" classname="Newtonsoft.Json.Tests.Converters.XmlNodeConverterTest">
                  
                </testcase><testcase name="DeserializeUndeclaredNamespacePrefix" assertions="0" time="0.002340" status="Passed" classname="Newtonsoft.Json.Tests.Converters.XmlNodeConverterTest">
                  
                </testcase><testcase name="DeserializeXmlIncompatibleCharsInPropertyName" assertions="0" time="0.002382" status="Passed" classname="Newtonsoft.Json.Tests.Converters.XmlNodeConverterTest">
                  
                </testcase><testcase name="DeserializeXmlNode_DefaultDate" assertions="0" time="0.000601" status="Passed" classname="Newtonsoft.Json.Tests.Converters.XmlNodeConverterTest">
                  
                </testcase><testcase name="DeserializeXmlNodeDefaultNamespace" assertions="0" time="0.009747" status="Passed" classname="Newtonsoft.Json.Tests.Converters.XmlNodeConverterTest">
                  
                </testcase><testcase name="DeserializeXNode_DefaultDate" assertions="0" time="0.000756" status="Passed" classname="Newtonsoft.Json.Tests.Converters.XmlNodeConverterTest">
                  
                </testcase><testcase name="DeserializeXNodeDefaultNamespace" assertions="0" time="0.010551" status="Passed" classname="Newtonsoft.Json.Tests.Converters.XmlNodeConverterTest">
                  
                </testcase><testcase name="DeserializingBooleanValues" assertions="0" time="0.008068" status="Passed" classname="Newtonsoft.Json.Tests.Converters.XmlNodeConverterTest">
                  
                </testcase><testcase name="DocumentDeserialize" assertions="0" time="0.004421" status="Passed" classname="Newtonsoft.Json.Tests.Converters.XmlNodeConverterTest">
                  
                </testcase><testcase name="DocumentFragmentSerialize" assertions="0" time="0.006874" status="Passed" classname="Newtonsoft.Json.Tests.Converters.XmlNodeConverterTest">
                  
                </testcase><testcase name="DocumentSerializeIndented" assertions="0" time="0.012720" status="Passed" classname="Newtonsoft.Json.Tests.Converters.XmlNodeConverterTest">
                  
                </testcase><testcase name="EmptyNode" assertions="0" time="0.001639" status="Passed" classname="Newtonsoft.Json.Tests.Converters.XmlNodeConverterTest">
                  
                </testcase><testcase name="EmptyPropertyName" assertions="0" time="0.001347" status="Passed" classname="Newtonsoft.Json.Tests.Converters.XmlNodeConverterTest">
                  
                </testcase><testcase name="EmtpyElementWithArrayAttributeShouldWriteAttributes" assertions="0" time="0.002237" status="Passed" classname="Newtonsoft.Json.Tests.Converters.XmlNodeConverterTest">
                  
                </testcase><testcase name="EmtpyElementWithArrayAttributeShouldWriteElement" assertions="0" time="0.000933" status="Passed" classname="Newtonsoft.Json.Tests.Converters.XmlNodeConverterTest">
                  
                </testcase><testcase name="Encoding" assertions="0" time="0.000773" status="Passed" classname="Newtonsoft.Json.Tests.Converters.XmlNodeConverterTest">
                  
                </testcase><testcase name="EscapingNames" assertions="0" time="0.001943" status="Passed" classname="Newtonsoft.Json.Tests.Converters.XmlNodeConverterTest">
                  
                </testcase><testcase name="FailOnIncomplete" assertions="0" time="0.000818" status="Passed" classname="Newtonsoft.Json.Tests.Converters.XmlNodeConverterTest">
                  
                </testcase><testcase name="FloatParseHandlingDecimal" assertions="0" time="0.004663" status="Passed" classname="Newtonsoft.Json.Tests.Converters.XmlNodeConverterTest">
                  
                </testcase><testcase name="ForceJsonArray" assertions="0" time="0.002724" status="Passed" classname="Newtonsoft.Json.Tests.Converters.XmlNodeConverterTest">
                  
                </testcase><testcase name="GroupElementsOfTheSameName" assertions="0" time="0.003284" status="Passed" classname="Newtonsoft.Json.Tests.Converters.XmlNodeConverterTest">
                  
                </testcase><testcase name="IgnoreCultureForTypedAttributes" assertions="0" time="0.001045" status="Passed" classname="Newtonsoft.Json.Tests.Converters.XmlNodeConverterTest">
                  
                </testcase><testcase name="JavaScriptConstructor" assertions="0" time="0.001062" status="Passed" classname="Newtonsoft.Json.Tests.Converters.XmlNodeConverterTest">
                  
                </testcase><testcase name="MultipleNamespacesXDocument" assertions="0" time="0.001902" status="Passed" classname="Newtonsoft.Json.Tests.Converters.XmlNodeConverterTest">
                  
                </testcase><testcase name="MultipleNamespacesXmlDocument" assertions="0" time="0.001520" status="Passed" classname="Newtonsoft.Json.Tests.Converters.XmlNodeConverterTest">
                  
                </testcase><testcase name="MultipleNestedArraysToXml" assertions="0" time="0.001758" status="Passed" classname="Newtonsoft.Json.Tests.Converters.XmlNodeConverterTest">
                  
                </testcase><testcase name="MultipleRootPropertiesAddRootElement" assertions="0" time="0.000826" status="Passed" classname="Newtonsoft.Json.Tests.Converters.XmlNodeConverterTest">
                  
                </testcase><testcase name="MultipleRootPropertiesXDocument" assertions="0" time="0.000969" status="Passed" classname="Newtonsoft.Json.Tests.Converters.XmlNodeConverterTest">
                  
                </testcase><testcase name="MultipleRootPropertiesXmlDocument" assertions="0" time="0.000865" status="Passed" classname="Newtonsoft.Json.Tests.Converters.XmlNodeConverterTest">
                  
                </testcase><testcase name="NamespaceSerializeDeserialize" assertions="0" time="0.002799" status="Passed" classname="Newtonsoft.Json.Tests.Converters.XmlNodeConverterTest">
                  
                </testcase><testcase name="NestedArrays" assertions="0" time="0.001756" status="Passed" classname="Newtonsoft.Json.Tests.Converters.XmlNodeConverterTest">
                  
                </testcase><testcase name="NonStandardAttributeValues" assertions="0" time="0.002941" status="Passed" classname="Newtonsoft.Json.Tests.Converters.XmlNodeConverterTest">
                  
                </testcase><testcase name="NonStandardElementsValues" assertions="0" time="0.001295" status="Passed" classname="Newtonsoft.Json.Tests.Converters.XmlNodeConverterTest">
                  
                </testcase><testcase name="NoRootObject" assertions="0" time="0.001593" status="Passed" classname="Newtonsoft.Json.Tests.Converters.XmlNodeConverterTest">
                  
                </testcase><testcase name="NullAttributeValue" assertions="0" time="0.000702" status="Passed" classname="Newtonsoft.Json.Tests.Converters.XmlNodeConverterTest">
                  
                </testcase><testcase name="OmitRootObject" assertions="0" time="0.001054" status="Passed" classname="Newtonsoft.Json.Tests.Converters.XmlNodeConverterTest">
                  
                </testcase><testcase name="OtherElementDataTypes" assertions="0" time="0.002718" status="Passed" classname="Newtonsoft.Json.Tests.Converters.XmlNodeConverterTest">
                  
                </testcase><testcase name="RootObjectMultipleProperties" assertions="0" time="0.001631" status="Passed" classname="Newtonsoft.Json.Tests.Converters.XmlNodeConverterTest">
                  
                </testcase><testcase name="RootPropertyError" assertions="0" time="0.001221" status="Passed" classname="Newtonsoft.Json.Tests.Converters.XmlNodeConverterTest">
                  
                </testcase><testcase name="RoundTripNestedArrays" assertions="0" time="0.002315" status="Passed" classname="Newtonsoft.Json.Tests.Converters.XmlNodeConverterTest">
                  
                </testcase><testcase name="Serialize_XDocument_NoRoot" assertions="0" time="0.000755" status="Passed" classname="Newtonsoft.Json.Tests.Converters.XmlNodeConverterTest">
                  
                </testcase><testcase name="Serialize_XDocument_NoRootWithDeclaration" assertions="0" time="0.000843" status="Passed" classname="Newtonsoft.Json.Tests.Converters.XmlNodeConverterTest">
                  
                </testcase><testcase name="SerializeAndDeserializeNullableXml" assertions="0" time="0.017363" status="Passed" classname="Newtonsoft.Json.Tests.Converters.XmlNodeConverterTest">
                  
                </testcase><testcase name="SerializeAndDeserializeXElement" assertions="0" time="0.002341" status="Passed" classname="Newtonsoft.Json.Tests.Converters.XmlNodeConverterTest">
                  
                </testcase><testcase name="SerializeAndDeserializeXElementWithNamespaceInChildrenRootDontHaveNameSpace" assertions="0" time="0.001923" status="Passed" classname="Newtonsoft.Json.Tests.Converters.XmlNodeConverterTest">
                  
                </testcase><testcase name="SerializeAndDeserializeXmlElement" assertions="0" time="0.001791" status="Passed" classname="Newtonsoft.Json.Tests.Converters.XmlNodeConverterTest">
                  
                </testcase><testcase name="SerializeAndDeserializeXmlElementWithNamespaceInChildrenRootDontHaveNameSpace" assertions="0" time="0.000950" status="Passed" classname="Newtonsoft.Json.Tests.Converters.XmlNodeConverterTest">
                  
                </testcase><testcase name="SerializeAndDeserializeXmlWithNamespaceInChildrenAndNoValueInChildren" assertions="0" time="0.000792" status="Passed" classname="Newtonsoft.Json.Tests.Converters.XmlNodeConverterTest">
                  
                </testcase><testcase name="SerializeComment" assertions="0" time="0.003577" status="Passed" classname="Newtonsoft.Json.Tests.Converters.XmlNodeConverterTest">
                  
                </testcase><testcase name="SerializeDeserializeMetadataArray" assertions="0" time="0.001484" status="Passed" classname="Newtonsoft.Json.Tests.Converters.XmlNodeConverterTest">
                  
                </testcase><testcase name="SerializeDeserializeMetadataArrayNoId" assertions="0" time="0.001339" status="Passed" classname="Newtonsoft.Json.Tests.Converters.XmlNodeConverterTest">
                  
                </testcase><testcase name="SerializeDeserializeMetadataArrayNull" assertions="0" time="0.001120" status="Passed" classname="Newtonsoft.Json.Tests.Converters.XmlNodeConverterTest">
                  
                </testcase><testcase name="SerializeDeserializeMetadataArrayWithIdLast" assertions="0" time="0.001444" status="Passed" classname="Newtonsoft.Json.Tests.Converters.XmlNodeConverterTest">
                  
                </testcase><testcase name="SerializeDeserializeMetadataProperties" assertions="0" time="0.010987" status="Passed" classname="Newtonsoft.Json.Tests.Converters.XmlNodeConverterTest">
                  
                </testcase><testcase name="SerializeDeserializeMetadataWithNullValue" assertions="0" time="0.001028" status="Passed" classname="Newtonsoft.Json.Tests.Converters.XmlNodeConverterTest">
                  
                </testcase><testcase name="SerializeDocumentExplicitAttributeNamespace" assertions="0" time="0.000877" status="Passed" classname="Newtonsoft.Json.Tests.Converters.XmlNodeConverterTest">
                  
                </testcase><testcase name="SerializeDocumentImplicitAttributeNamespace" assertions="0" time="0.000952" status="Passed" classname="Newtonsoft.Json.Tests.Converters.XmlNodeConverterTest">
                  
                </testcase><testcase name="SerializeDollarProperty" assertions="0" time="0.000828" status="Passed" classname="Newtonsoft.Json.Tests.Converters.XmlNodeConverterTest">
                  
                </testcase><testcase name="SerializeElementExplicitAttributeNamespace" assertions="0" time="0.002291" status="Passed" classname="Newtonsoft.Json.Tests.Converters.XmlNodeConverterTest">
                  
                </testcase><testcase name="SerializeElementImplicitAttributeNamespace" assertions="0" time="0.001091" status="Passed" classname="Newtonsoft.Json.Tests.Converters.XmlNodeConverterTest">
                  
                </testcase><testcase name="SerializeEmptyDocument" assertions="0" time="0.001048" status="Passed" classname="Newtonsoft.Json.Tests.Converters.XmlNodeConverterTest">
                  
                </testcase><testcase name="SerializeEmptyNodeAndOmitRoot" assertions="0" time="0.000829" status="Passed" classname="Newtonsoft.Json.Tests.Converters.XmlNodeConverterTest">
                  
                </testcase><testcase name="SerializeEmptyNodeAndOmitRoot_XElement" assertions="0" time="0.000738" status="Passed" classname="Newtonsoft.Json.Tests.Converters.XmlNodeConverterTest">
                  
                </testcase><testcase name="SerializeExample" assertions="0" time="0.001901" status="Passed" classname="Newtonsoft.Json.Tests.Converters.XmlNodeConverterTest">
                  
                </testcase><testcase name="SerializeMetadataPropertyWithBadValue" assertions="0" time="0.000952" status="Passed" classname="Newtonsoft.Json.Tests.Converters.XmlNodeConverterTest">
                  
                </testcase><testcase name="SerializeNodeTypes" assertions="0" time="0.015470" status="Passed" classname="Newtonsoft.Json.Tests.Converters.XmlNodeConverterTest">
                  
                </testcase><testcase name="SerializeNodeTypes_Encoding" assertions="0" time="0.001942" status="Passed" classname="Newtonsoft.Json.Tests.Converters.XmlNodeConverterTest">
                  
                </testcase><testcase name="SerializeNonKnownDollarProperty" assertions="0" time="0.001320" status="Passed" classname="Newtonsoft.Json.Tests.Converters.XmlNodeConverterTest">
                  
                </testcase><testcase name="SerializeXElement" assertions="0" time="0.009438" status="Passed" classname="Newtonsoft.Json.Tests.Converters.XmlNodeConverterTest">
                  
                </testcase><testcase name="SerializeXmlElement" assertions="0" time="0.006230" status="Passed" classname="Newtonsoft.Json.Tests.Converters.XmlNodeConverterTest">
                  
                </testcase><testcase name="SerializingXmlNamespaceScope" assertions="0" time="0.001244" status="Passed" classname="Newtonsoft.Json.Tests.Converters.XmlNodeConverterTest">
                  
                </testcase><testcase name="SingleItemArrayPropertySerialization" assertions="0" time="0.001609" status="Passed" classname="Newtonsoft.Json.Tests.Converters.XmlNodeConverterTest">
                  
                </testcase><testcase name="SingleTextNode" assertions="0" time="0.001358" status="Passed" classname="Newtonsoft.Json.Tests.Converters.XmlNodeConverterTest">
                  
                </testcase><testcase name="WriteJsonNull" assertions="0" time="0.000742" status="Passed" classname="Newtonsoft.Json.Tests.Converters.XmlNodeConverterTest">
                  
                </testcase><testcase name="XmlDocumentTypeSerialize" assertions="0" time="0.026192" status="Passed" classname="Newtonsoft.Json.Tests.Converters.XmlNodeConverterTest">
                  
                </testcase><testcase name="XmlNode_EncodeSpecialCharacters" assertions="0" time="0.013045" status="Failed" classname="Newtonsoft.Json.Tests.Converters.XmlNodeConverterTest">
                  
                  <failure message="  Expected string length 804 but was 768. Strings differ at index 1.&#10;  Expected: &quot;{\r\n  &quot;?xml&quot;: {\r\n    &quot;@version&quot;: &quot;1.0&quot;,\r\n    &quot;@standalone&quot;: &quot;n...&quot;&#10;  But was:  &quot;{\n  &quot;?xml&quot;: {\n    &quot;@version&quot;: &quot;1.0&quot;,\n    &quot;@standalone&quot;: &quot;no&quot;\n...&quot;&#10;  -------------^&#10;">at Newtonsoft.Json.Tests.Converters.XmlNodeConverterTest.XmlNode_EncodeSpecialCharacters () [0x00035] in /root/repo/Src/Newtonsoft.Json-for-Unity.Tests/Assets/Newtonsoft.Json.Tests/Converters/XmlNodeConverterTest.cs:270
</failure>
                </testcase><testcase name="XmlNode_Roundtrip_PropertyNameWithColon" assertions="0" time="0.000827" status="Passed" classname="Newtonsoft.Json.Tests.Converters.XmlNodeConverterTest">
                  
                </testcase><testcase name="XmlNode_Roundtrip_PropertyNameWithEscapedValue" assertions="0" time="0.000670" status="Passed" classname="Newtonsoft.Json.Tests.Converters.XmlNodeConverterTest">
                  
                </testcase><testcase name="XmlNode_UnescapeTextContent" assertions="0" time="0.001373" status="Passed" classname="Newtonsoft.Json.Tests.Converters.XmlNodeConverterTest">
                  
                </testcase><testcase name="XNode_EncodeSpecialCharacters" assertions="0" time="0.003112" status="Failed" classname="Newtonsoft.Json.Tests.Converters.XmlNodeConverterTest">
                  
                  <failure message="  Expected string length 804 but was 768. Strings differ at index 1.&#10;  Expected: &quot;{\r\n  &quot;?xml&quot;: {\r\n    &quot;@version&quot;: &quot;1.0&quot;,\r\n    &quot;@standalone&quot;: &quot;n...&quot;&#10;  But was:  &quot;{\n  &quot;?xml&quot;: {\n    &quot;@version&quot;: &quot;1.0&quot;,\n    &quot;@standalone&quot;: &quot;no&quot;\n...&quot;&#10;  -------------^&#10;">at Newtonsoft.Json.Tests.Converters.XmlNodeConverterTest.XNode_EncodeSpecialCharacters () [0x0002f] in /root/repo/Src/Newtonsoft.Json-for-Unity.Tests/Assets/Newtonsoft.Json.Tests/Converters/XmlNodeConverterTest.cs:425
</failure>
                </testcase><testcase name="XNode_MetadataArray_EncodeSpecialCharacters" assertions="0" time="0.002053" status="Failed" classname="Newtonsoft.Json.Tests.Converters.XmlNodeConverterTest">
                  
                  <failure message="  Expected string length 89 but was 80. Strings differ at index 1.&#10;  Expected: &quot;{\r\n  &quot;$id&quot;: &quot;1&quot;,\r\n  &quot;$values&quot;: [\r\n    &quot;1&quot;,\r\n    &quot;2&quot;,\r\n    &quot;3&quot;...&quot;&#10;  But was:  &quot;{\n  &quot;$id&quot;: &quot;1&quot;,\n  &quot;$values&quot;: [\n    &quot;1&quot;,\n    &quot;2&quot;,\n    &quot;3&quot;,\n   ...&quot;&#10;  -------------^&#10;">at Newtonsoft.Json.Tests.Converters.XmlNodeConverterTest.XNode_MetadataArray_EncodeSpecialCharacters () [0x0002f] in /root/repo/Src/Newtonsoft.Json-for-Unity.Tests/Assets/Newtonsoft.Json.Tests/Converters/XmlNodeConverterTest.cs:455
</failure>
                </testcase><testcase name="XNode_Roundtrip_PropertyNameWithColon" assertions="0" time="0.000614" status="Passed" classname="Newtonsoft.Json.Tests.Converters.XmlNodeConverterTest">
                  
                </testcase><testcase name="XNode_Roundtrip_PropertyNameWithEscapedValue" assertions="0" time="0.000759" status="Passed" classname="Newtonsoft.Json.Tests.Converters.XmlNodeConverterTest">
                  
                </testcase><testcase name="XNode_UnescapeTextContent" assertions="0" time="0.000605" status="Passed" classname="Newtonsoft.Json.Tests.Converters.XmlNodeConverterTest">
                  
                </testcase></testsuite>
            
            <testsuite tests="13" time="0.182365" errors="0" failures="0" skipped="0" timestamp="2019-11-12 05:38:59Z" name="UnityTestFramework.Newtonsoft.Json.Tests.dll.Newtonsoft.Json.Tests.DemoTests."><testcase name="DeserializationBasics1" assertions="0" time="0.002966" status="Passed" classname="Newtonsoft.Json.Tests.DemoTests">
                
              </testcase><testcase name="DeserializationBasics2" assertions="0" time="0.001450" status="Passed" classname="Newtonsoft.Json.Tests.DemoTests">
                
              </testcase><testcase name="JsonConverter" assertions="0" time="0.004245" status="Passed" classname="Newtonsoft.Json.Tests.DemoTests">
                
              </testcase><testcase name="JsonPathRegex" assertions="0" time="0.014957" status="Passed" classname="Newtonsoft.Json.Tests.DemoTests">
                
              </testcase><testcase name="MergeJson" assertions="0" time="0.009405" status="Passed" classname="Newtonsoft.Json.Tests.DemoTests">
                
              </testcase><testcase name="RoundtripTypesAndReferences" assertions="0" time="0.010263" status="Passed" classname="Newtonsoft.Json.Tests.DemoTests">
                
              </testcase><testcase name="SerializationBasics" assertions="0" time="0.004305" status="Passed" classname="Newtonsoft.Json.Tests.DemoTests">
                
              </testcase><testcase name="SerializationBasics2" assertions="0" time="0.001124" status="Passed" classname="Newtonsoft.Json.Tests.DemoTests">
                
              </testcase><testcase name="SerializationGuide" assertions="0" time="0.009790" status="Passed" classname="Newtonsoft.Json.Tests.DemoTests">
                
              </testcase><testcase name="SerializeAttributes" assertions="0" time="0.003289" status="Passed" classname="Newtonsoft.Json.Tests.DemoTests">
                
              </testcase><testcase name="SerializeDataTable" assertions="0" time="0.085936" status="Passed" classname="Newtonsoft.Json.Tests.DemoTests">
                
              </testcase><testcase name="SerializeReferencesByValue" assertions="0" time="0.004173" status="Passed" classname="Newtonsoft.Json.Tests.DemoTests">
                
              </testcase><testcase name="SerializeReferencesWithMetadata" assertions="0" time="0.001223" status="Passed" classname="Newtonsoft.Json.Tests.DemoTests">
                
              </testcase></testsuite>
            
              
              
              <testsuite tests="2" time="0.023894" errors="0" failures="0" skipped="0" timestamp="2019-11-12 05:39:00Z" name="UnityTestFramework.Newtonsoft.Json.Tests.dll.Newtonsoft.Json.Tests.Documentation.ConditionalPropertiesTests."><testcase name="ShouldSerializeClassTest" assertions="0" time="0.007326" status="Passed" classname="Newtonsoft.Json.Tests.Documentation.ConditionalPropertiesTests">
                  
                </testcase><testcase name="ShouldSerializeContractResolverTest" assertions="0" time="0.008105" status="Passed" classname="Newtonsoft.Json.Tests.Documentation.ConditionalPropertiesTests">
                  
                </testcase></testsuite>
              <testsuite tests="3" time="0.012428" errors="0" failures="0" skipped="0" timestamp="2019-11-12 05:39:00Z" name="UnityTestFramework.Newtonsoft.Json.Tests.dll.Newtonsoft.Json.Tests.Documentation.ConvertingJsonAndXmlTests."><testcase name="DeserializeXmlNode" assertions="0" time="0.000777" status="Passed" classname="Newtonsoft.Json.Tests.Documentation.ConvertingJsonAndXmlTests">
                  
                </testcase><testcase name="ForceJsonArray" assertions="0" time="0.000895" status="Passed" classname="Newtonsoft.Json.Tests.Documentation.ConvertingJsonAndXmlTests">
                  
                </testcase><testcase name="SerializeXmlNode" assertions="0" time="0.000746" status="Passed" classname="Newtonsoft.Json.Tests.Documentation.ConvertingJsonAndXmlTests">
                  
                </testcase></testsuite>
[...]
                    
                  </testcase><testcase name="Parse(&quot;mAx&quot;,Max)" assertions="0" time="0.000600" status="Passed" classname="Newtonsoft.Json.Tests.Utilities.EnumUtilsTests">
                    
                  </testcase><testcase name="Parse(&quot;1&quot;,One)" assertions="0" time="0.001647" status="Passed" classname="Newtonsoft.Json.Tests.Utilities.EnumUtilsTests">
                    
                  </testcase><testcase name="Parse(&quot;5&quot;,5)" assertions="0" time="0.000607" status="Passed" classname="Newtonsoft.Json.Tests.Utilities.EnumUtilsTests">
                    
                  </testcase><testcase name="Parse(&quot;Red&quot;,Red)" assertions="0" time="0.000850" status="Passed" classname="Newtonsoft.Json.Tests.Utilities.EnumUtilsTests">
                    
                  </testcase><testcase name="Parse(&quot; Red&quot;,Red)" assertions="0" time="0.000723" status="Passed" classname="Newtonsoft.Json.Tests.Utilities.EnumUtilsTests">
                    
                  </testcase><testcase name="Parse(&quot;Red &quot;,Red)" assertions="0" time="0.000593" status="Passed" classname="Newtonsoft.Json.Tests.Utilities.EnumUtilsTests">
                    
                  </testcase><testcase name="Parse(&quot; red &quot;,Red)" assertions="0" time="0.000595" status="Passed" classname="Newtonsoft.Json.Tests.Utilities.EnumUtilsTests">
                    
                  </testcase><testcase name="Parse(&quot;B&quot;,B)" assertions="0" time="0.000472" status="Passed" classname="Newtonsoft.Json.Tests.Utilities.EnumUtilsTests">
                    
                  </testcase><testcase name="Parse(&quot;B,B&quot;,B)" assertions="0" time="0.002429" status="Passed" classname="Newtonsoft.Json.Tests.Utilities.EnumUtilsTests">
                    
                  </testcase><testcase name="Parse(&quot; Red , Blue &quot;,Green)" assertions="0" time="0.000376" status="Passed" classname="Newtonsoft.Json.Tests.Utilities.EnumUtilsTests">
                    
                  </testcase><testcase name="Parse(&quot;Blue,Red,Green&quot;,Green)" assertions="0" time="0.000461" status="Passed" classname="Newtonsoft.Json.Tests.Utilities.EnumUtilsTests">
                    
                  </testcase><testcase name="Parse(&quot;Blue,Red,Red,Red,Green&quot;,Green)" assertions="0" time="0.000416" status="Passed" classname="Newtonsoft.Json.Tests.Utilities.EnumUtilsTests">
                    
                  </testcase><testcase name="Parse(&quot;Red,Blue,   Green&quot;,Green)" assertions="0" time="0.000449" status="Passed" classname="Newtonsoft.Json.Tests.Utilities.EnumUtilsTests">
                    
                  </testcase><testcase name="Parse(&quot;1&quot;,Red)" assertions="0" time="0.000481" status="Passed" classname="Newtonsoft.Json.Tests.Utilities.EnumUtilsTests">
                    
                  </testcase><testcase name="Parse(&quot; 1 &quot;,Red)" assertions="0" time="0.000406" status="Passed" classname="Newtonsoft.Json.Tests.Utilities.EnumUtilsTests">
                    
                  </testcase><testcase name="Parse(&quot;2&quot;,Blue)" assertions="0" time="0.000707" status="Passed" classname="Newtonsoft.Json.Tests.Utilities.EnumUtilsTests">
                    
                  </testcase><testcase name="Parse(&quot;99&quot;,99)" assertions="0" time="0.000521" status="Passed" classname="Newtonsoft.Json.Tests.Utilities.EnumUtilsTests">
                    
                  </testcase><testcase name="Parse(&quot;-42&quot;,-42)" assertions="0" time="0.000476" status="Passed" classname="Newtonsoft.Json.Tests.Utilities.EnumUtilsTests">
                    
                  </testcase><testcase name="Parse(&quot;   -42&quot;,-42)" assertions="0" time="0.000389" status="Passed" classname="Newtonsoft.Json.Tests.Utilities.EnumUtilsTests">
                    
                  </testcase><testcase name="Parse(&quot;   -42 &quot;,-42)" assertions="0" time="0.000512" status="Passed" classname="Newtonsoft.Json.Tests.Utilities.EnumUtilsTests">
                    
                  </testcase></testsuite>
                <testsuite tests="19" time="0.046108" errors="0" failures="0" skipped="0" timestamp="2019-11-12 05:39:43Z" name="UnityTestFramework.Newtonsoft.Json.Tests.dll.Newtonsoft.Json.Tests.Utilities.EnumUtilsTests.Parse_Invalid."><testcase name="Parse_Invalid(null,&quot;&quot;,System.ArgumentNullException)" assertions="0" time="0.001036" status="Passed" classname="Newtonsoft.Json.Tests.Utilities.EnumUtilsTests">
                    
                  </testcase><testcase name="Parse_Invalid(Newtonsoft.Json.Tests.Utilities.SimpleEnum,null,System.ArgumentNullException)" assertions="0" time="0.000377" status="Passed" classname="Newtonsoft.Json.Tests.Utilities.EnumUtilsTests">
                    
                  </testcase><testcase name="Parse_Invalid(System.Object,&quot;&quot;,System.ArgumentException)" assertions="0" time="0.000486" status="Passed" classname="Newtonsoft.Json.Tests.Utilities.EnumUtilsTests">
                    
                  </testcase><testcase name="Parse_Invalid(Newtonsoft.Json.Tests.Utilities.SimpleEnum,&quot;&quot;,System.ArgumentException)" assertions="0" time="0.000373" status="Passed" classname="Newtonsoft.Json.Tests.Utilities.EnumUtilsTests">
                    
                  </testcase><testcase name="Parse_Invalid(Newtonsoft.Json.Tests.Utilities.SimpleEnum,&quot;    \t&quot;,System.ArgumentException)" assertions="0" time="0.000378" status="Passed" classname="Newtonsoft.Json.Tests.Utilities.EnumUtilsTests">
                    
                  </testcase><testcase name="Parse_Invalid(Newtonsoft.Json.Tests.Utilities.SimpleEnum,&quot;Purple&quot;,System.ArgumentException)" assertions="0" time="0.000410" status="Passed" classname="Newtonsoft.Json.Tests.Utilities.EnumUtilsTests">
                    
                  </testcase><testcase name="Parse_Invalid(Newtonsoft.Json.Tests.Utilities.SimpleEnum,&quot;,Red&quot;,System.ArgumentException)" assertions="0" time="0.000362" status="Passed" classname="Newtonsoft.Json.Tests.Utilities.EnumUtilsTests">
                    
                  </testcase><testcase name="Parse_Invalid(Newtonsoft.Json.Tests.Utilities.SimpleEnum,&quot;Red,&quot;,System.ArgumentException)" assertions="0" time="0.000503" status="Passed" classname="Newtonsoft.Json.Tests.Utilities.EnumUtilsTests">
                    
                  </testcase><testcase name="Parse_Invalid(Newtonsoft.Json.Tests.Utilities.SimpleEnum,&quot;B,&quot;,System.ArgumentException)" assertions="0" time="0.000415" status="Passed" classname="Newtonsoft.Json.Tests.Utilities.EnumUtilsTests">
                    
                  </testcase><testcase name="Parse_Invalid(Newtonsoft.Json.Tests.Utilities.SimpleEnum,&quot; , , ,&quot;,System.ArgumentException)" assertions="0" time="0.000465" status="Passed" classname="Newtonsoft.Json.Tests.Utilities.EnumUtilsTests">
                    
                  </testcase><testcase name="Parse_Invalid(Newtonsoft.Json.Tests.Utilities.SimpleEnum,&quot;Red,Blue,&quot;,System.ArgumentException)" assertions="0" time="0.000432" status="Passed" classname="Newtonsoft.Json.Tests.Utilities.EnumUtilsTests">
                    
                  </testcase><testcase name="Parse_Invalid(Newtonsoft.Json.Tests.Utilities.SimpleEnum,&quot;Red,,Blue&quot;,System.ArgumentException)" assertions="0" time="0.000637" status="Passed" classname="Newtonsoft.Json.Tests.Utilities.EnumUtilsTests">
                    
                  </testcase><testcase name="Parse_Invalid(Newtonsoft.Json.Tests.Utilities.SimpleEnum,&quot;Red,Blue, &quot;,System.ArgumentException)" assertions="0" time="0.000387" status="Passed" classname="Newtonsoft.Json.Tests.Utilities.EnumUtilsTests">
                    
                  </testcase><testcase name="Parse_Invalid(Newtonsoft.Json.Tests.Utilities.SimpleEnum,&quot;Red Blue&quot;,System.ArgumentException)" assertions="0" time="0.000465" status="Passed" classname="Newtonsoft.Json.Tests.Utilities.EnumUtilsTests">
                    
                  </testcase><testcase name="Parse_Invalid(Newtonsoft.Json.Tests.Utilities.SimpleEnum,&quot;1,Blue&quot;,System.ArgumentException)" assertions="0" time="0.000478" status="Passed" classname="Newtonsoft.Json.Tests.Utilities.EnumUtilsTests">
                    
                  </testcase><testcase name="Parse_Invalid(Newtonsoft.Json.Tests.Utilities.SimpleEnum,&quot;Blue,1&quot;,System.ArgumentException)" assertions="0" time="0.000493" status="Passed" classname="Newtonsoft.Json.Tests.Utilities.EnumUtilsTests">
                    
                  </testcase><testcase name="Parse_Invalid(Newtonsoft.Json.Tests.Utilities.SimpleEnum,&quot;Blue, 1&quot;,System.ArgumentException)" assertions="0" time="0.000416" status="Passed" classname="Newtonsoft.Json.Tests.Utilities.EnumUtilsTests">
                    
                  </testcase><testcase name="Parse_Invalid(Newtonsoft.Json.Tests.Utilities.SimpleEnum,&quot;2147483649&quot;,System.OverflowException)" assertions="0" time="0.000445" status="Passed" classname="Newtonsoft.Json.Tests.Utilities.EnumUtilsTests">
                    
                  </testcase><testcase name="Parse_Invalid(Newtonsoft.Json.Tests.Utilities.SimpleEnum,&quot;2147483648&quot;,System.OverflowException)" assertions="0" time="0.000387" status="Passed" classname="Newtonsoft.Json.Tests.Utilities.EnumUtilsTests">
                    
                  </testcase></testsuite>
                <testsuite tests="36" time="0.073103" errors="0" failures="0" skipped="0" timestamp="2019-11-12 05:39:43Z" name="UnityTestFramework.Newtonsoft.Json.Tests.dll.Newtonsoft.Json.Tests.Utilities.EnumUtilsTests.ToString_Format."><testcase name="ToString_Format(Min,&quot;Min&quot;)" assertions="0" time="0.000933" status="Passed" classname="Newtonsoft.Json.Tests.Utilities.EnumUtilsTests">
                    
                  </testcase><testcase name="ToString_Format(5,null)" assertions="0" time="0.000357" status="Passed" classname="Newtonsoft.Json.Tests.Utilities.EnumUtilsTests">
                    
                  </testcase><testcase name="ToString_Format(Max,&quot;Max&quot;)" assertions="0" time="0.000392" status="Passed" classname="Newtonsoft.Json.Tests.Utilities.EnumUtilsTests">
                    
                  </testcase><testcase name="ToString_Format(Min,&quot;Min&quot;)" assertions="0" time="0.000354" status="Passed" classname="Newtonsoft.Json.Tests.Utilities.EnumUtilsTests">
                    
                  </testcase><testcase name="ToString_Format(5,null)" assertions="0" time="0.000375" status="Passed" classname="Newtonsoft.Json.Tests.Utilities.EnumUtilsTests">
                    
                  </testcase><testcase name="ToString_Format(Max,&quot;Max&quot;)" assertions="0" time="0.000408" status="Passed" classname="Newtonsoft.Json.Tests.Utilities.EnumUtilsTests">
                    
                  </testcase><testcase name="ToString_Format(3,null)" assertions="0" time="0.000346" status="Passed" classname="Newtonsoft.Json.Tests.Utilities.EnumUtilsTests">
                    
                  </testcase><testcase name="ToString_Format(Min,&quot;Min&quot;)" assertions="0" time="0.000439" status="Passed" classname="Newtonsoft.Json.Tests.Utilities.EnumUtilsTests">
                    
                  </testcase><testcase name="ToString_Format(5,null)" assertions="0" time="0.000360" status="Passed" classname="Newtonsoft.Json.Tests.Utilities.EnumUtilsTests">
                    
                  </testcase><testcase name="ToString_Format(Max,&quot;Max&quot;)" assertions="0" time="0.000388" status="Passed" classname="Newtonsoft.Json.Tests.Utilities.EnumUtilsTests">
                    
                  </testcase><testcase name="ToString_Format(3,null)" assertions="0" time="0.000378" status="Passed" classname="Newtonsoft.Json.Tests.Utilities.EnumUtilsTests">
                    
                  </testcase><testcase name="ToString_Format(Min,&quot;Min&quot;)" assertions="0" time="0.000407" status="Passed" classname="Newtonsoft.Json.Tests.Utilities.EnumUtilsTests">
                    
                  </testcase><testcase name="ToString_Format(5,null)" assertions="0" time="0.000384" status="Passed" classname="Newtonsoft.Json.Tests.Utilities.EnumUtilsTests">
                    
                  </testcase><testcase name="ToString_Format(Max,&quot;Max&quot;)" assertions="0" time="0.000429" status="Passed" classname="Newtonsoft.Json.Tests.Utilities.EnumUtilsTests">
                    
                  </testcase><testcase name="ToString_Format(3,null)" assertions="0" time="0.000379" status="Passed" classname="Newtonsoft.Json.Tests.Utilities.EnumUtilsTests">
                    
                  </testcase><testcase name="ToString_Format(Min,&quot;Min&quot;)" assertions="0" time="0.000403" status="Passed" classname="Newtonsoft.Json.Tests.Utilities.EnumUtilsTests">
                    
                  </testcase><testcase name="ToString_Format(5,null)" assertions="0" time="0.000406" status="Passed" classname="Newtonsoft.Json.Tests.Utilities.EnumUtilsTests">
                    
                  </testcase><testcase name="ToString_Format(Max,&quot;Max&quot;)" assertions="0" time="0.000347" status="Passed" classname="Newtonsoft.Json.Tests.Utilities.EnumUtilsTests">
                    
                  </testcase><testcase name="ToString_Format(3,null)" assertions="0" time="0.000403" status="Passed" classname="Newtonsoft.Json.Tests.Utilities.EnumUtilsTests">
                    
                  </testcase><testcase name="ToString_Format(Min,&quot;Min&quot;)" assertions="0" time="0.000421" status="Passed" classname="Newtonsoft.Json.Tests.Utilities.EnumUtilsTests">
                    
                  </testcase><testcase name="ToString_Format(5,null)" assertions="0" time="0.000421" status="Passed" classname="Newtonsoft.Json.Tests.Utilities.EnumUtilsTests">
                    
                  </testcase><testcase name="ToString_Format(Max,&quot;Max&quot;)" assertions="0" time="0.000372" status="Passed" classname="Newtonsoft.Json.Tests.Utilities.EnumUtilsTests">
                    
                  </testcase><testcase name="ToString_Format(3,null)" assertions="0" time="0.000379" status="Passed" classname="Newtonsoft.Json.Tests.Utilities.EnumUtilsTests">
                    
                  </testcase><testcase name="ToString_Format(Min,&quot;Min&quot;)" assertions="0" time="0.000372" status="Passed" classname="Newtonsoft.Json.Tests.Utilities.EnumUtilsTests">
                    
                  </testcase><testcase name="ToString_Format(5,null)" assertions="0" time="0.000397" status="Passed" classname="Newtonsoft.Json.Tests.Utilities.EnumUtilsTests">
                    
                  </testcase><testcase name="ToString_Format(Max,&quot;Max&quot;)" assertions="0" time="0.000386" status="Passed" classname="Newtonsoft.Json.Tests.Utilities.EnumUtilsTests">
                    
                  </testcase><testcase name="ToString_Format(3,null)" assertions="0" time="0.000421" status="Passed" classname="Newtonsoft.Json.Tests.Utilities.EnumUtilsTests">
                    
                  </testcase><testcase name="ToString_Format(Min,&quot;Min&quot;)" assertions="0" time="0.000504" status="Passed" classname="Newtonsoft.Json.Tests.Utilities.EnumUtilsTests">
                    
                  </testcase><testcase name="ToString_Format(5,null)" assertions="0" time="0.000540" status="Passed" classname="Newtonsoft.Json.Tests.Utilities.EnumUtilsTests">
                    
                  </testcase><testcase name="ToString_Format(Max,&quot;Max&quot;)" assertions="0" time="0.000369" status="Passed" classname="Newtonsoft.Json.Tests.Utilities.EnumUtilsTests">
                    
                  </testcase><testcase name="ToString_Format(3,null)" assertions="0" time="0.000407" status="Passed" classname="Newtonsoft.Json.Tests.Utilities.EnumUtilsTests">
                    
                  </testcase><testcase name="ToString_Format(Red,&quot;Red&quot;)" assertions="0" time="0.000380" status="Passed" classname="Newtonsoft.Json.Tests.Utilities.EnumUtilsTests">
                    
                  </testcase><testcase name="ToString_Format(Blue,&quot;Blue&quot;)" assertions="0" time="0.000385" status="Passed" classname="Newtonsoft.Json.Tests.Utilities.EnumUtilsTests">
                    
                  </testcase><testcase name="ToString_Format(99,null)" assertions="0" time="0.000382" status="Passed" classname="Newtonsoft.Json.Tests.Utilities.EnumUtilsTests">
                    
                  </testcase><testcase name="ToString_Format(0,null)" assertions="0" time="0.000360" status="Passed" classname="Newtonsoft.Json.Tests.Utilities.EnumUtilsTests">
                    
                  </testcase><testcase name="ToString_Format(Class, Delegate,&quot;Class, Delegate&quot;)" assertions="0" time="0.000735" status="Passed" classname="Newtonsoft.Json.Tests.Utilities.EnumUtilsTests">
                    
                  </testcase></testsuite>
              
              <testsuite tests="5" time="0.021595" errors="0" failures="0" skipped="0" timestamp="2019-11-12 05:39:43Z" name="UnityTestFramework.Newtonsoft.Json.Tests.dll.Newtonsoft.Json.Tests.Utilities.LateboundReflectionDelegateFactoryTests."><testcase name="ConstructorWithInString" assertions="0" time="0.002129" status="Passed" classname="Newtonsoft.Json.Tests.Utilities.LateboundReflectionDelegateFactoryTests">
                  
                </testcase><testcase name="ConstructorWithInStringAndBool" assertions="0" time="0.001005" status="Passed" classname="Newtonsoft.Json.Tests.Utilities.LateboundReflectionDelegateFactoryTests">
                  
                </testcase><testcase name="ConstructorWithRefString" assertions="0" time="0.001603" status="Passed" classname="Newtonsoft.Json.Tests.Utilities.LateboundReflectionDelegateFactoryTests">
                  
                </testcase><testcase name="ConstructorWithRefStringAndOutBool" assertions="0" time="0.001165" status="Passed" classname="Newtonsoft.Json.Tests.Utilities.LateboundReflectionDelegateFactoryTests">
                  
                </testcase><testcase name="ConstructorWithRefStringAndRefBoolAndRefBool" assertions="0" time="0.001210" status="Passed" classname="Newtonsoft.Json.Tests.Utilities.LateboundReflectionDelegateFactoryTests">
                  
                </testcase></testsuite>
              <testsuite tests="1" time="0.007769" errors="0" failures="0" skipped="0" timestamp="2019-11-12 05:39:43Z" name="UnityTestFramework.Newtonsoft.Json.Tests.dll.Newtonsoft.Json.Tests.Utilities.ReflectionUtilsTests."><testcase name="GetTypeNameSimpleForGenericTypes" assertions="0" time="0.000947" status="Passed" classname="Newtonsoft.Json.Tests.Utilities.ReflectionUtilsTests">
                  
                </testcase></testsuite>
              <testsuite tests="2" time="0.010834" errors="0" failures="0" skipped="0" timestamp="2019-11-12 05:39:43Z" name="UnityTestFramework.Newtonsoft.Json.Tests.dll.Newtonsoft.Json.Tests.Utilities.StringUtilsTests."><testcase name="ToCamelCaseTest" assertions="0" time="0.001405" status="Passed" classname="Newtonsoft.Json.Tests.Utilities.StringUtilsTests">
                  
                </testcase><testcase name="ToSnakeCaseTest" assertions="0" time="0.001085" status="Passed" classname="Newtonsoft.Json.Tests.Utilities.StringUtilsTests">
                  
                </testcase></testsuite>
            
          
        
      
    
    
      
      
        
        
          
          
            
            
              
              
                
              
            
          
        
      
    
  
</testsuites>
